<?xml version="1.0" encoding="UTF-8"?>
<testsuite xmlns:xsi="http://www.w3.org/2001/XMLSchema-instance" xsi:noNamespaceSchemaLocation="https://maven.apache.org/surefire/maven-surefire-plugin/xsd/surefire-test-report.xsd" name="com.adactin.runner.Runner" time="45.417" tests="52" errors="2" skipped="1" failures="0">
  <properties>
[...]
</properties>
  <testcase name="Given User launches browser" classname="| aaa | bbbb |" time="0.008"/>
  <testcase name="And Use logins into the application" classname="| aaa | bbbb |" time="0.001"/>
  <testcase name="Given User launch the application" classname="| aaa | bbbb |" time="0"/>
  <testcase name="When User enters valid username &quot;aaa&quot;" classname="| aaa | bbbb |" time="0"/>
  <testcase name="And User enter valid password in password field &quot;bbbb&quot;" classname="| aaa | bbbb |" time="0"/>
  <testcase name="And User clicks on login button" classname="| aaa | bbbb |" time="0"/>
  <testcase name="Then User confirms that page navigates to hotel selection page" classname="| aaa | bbbb |" time="0"/>
  <testcase name="| aaa | bbbb |" classname="| aaa | bbbb |" time="0.05"/>
  <testcase name="Given User launches browser" classname="| pasupathy | password |" time="0"/>
  <testcase name="And Use logins into the application" classname="| pasupathy | password |" time="0"/>
  <testcase name="Given User launch the application" classname="| pasupathy | password |" time="0.001"/>
  <testcase name="When User enters valid username &quot;pasupathy&quot;" classname="| pasupathy | password |" time="0"/>
  <testcase name="And User enter valid password in password field &quot;password&quot;" classname="| pasupathy | password |" time="0"/>
  <testcase name="And User clicks on login button" classname="| pasupathy | password |" time="0"/>
  <testcase name="Then User confirms that page navigates to hotel selection page" classname="| pasupathy | password |" time="0"/>
  <testcase name="| pasupathy | password |" classname="| pasupathy | password |" time="0.017"/>
  <testcase name="Given User launches browser" classname="Scenario: User checking hotel selection functionality" time="0"/>
  <testcase name="And Use logins into the application" classname="Scenario: User checking hotel selection functionality" time="0"/>
  <testcase name="Given User logins into the application" classname="Scenario: User checking hotel selection functionality" time="0.001"/>
  <testcase name="When User selects location &quot;London&quot;" classname="Scenario: User checking hotel selection functionality" time="0"/>
  <testcase name="And User selects hotel &quot;Hotel Creek&quot;" classname="Scenario: User checking hotel selection functionality" time="0"/>
  <testcase name="And User selects room type &quot;Double&quot;" classname="Scenario: User checking hotel selection functionality" time="0"/>
  <testcase name="And User selects number of rooms &quot;1 - One&quot;" classname="Scenario: User checking hotel selection functionality" time="0"/>
  <testcase name="And User selects check in date as given in data file" classname="Scenario: User checking hotel selection functionality" time="0"/>
  <testcase name="And User selects check out date as given in data file" classname="Scenario: User checking hotel selection functionality" time="0"/>
  <testcase name="And User selects number of adults &quot;2 - Two&quot;" classname="Scenario: User checking hotel selection functionality" time="0"/>
  <testcase name="And User selects number of children as given in data file" classname="Scenario: User checking hotel selection functionality" time="0"/>
  <testcase name="And User clicks on search button" classname="Scenario: User checking hotel selection functionality" time="0"/>
  <testcase name="Then User checks page navigated to hotel booking page" classname="Scenario: User checking hotel selection functionality" time="0"/>
  <testcase name="Scenario: User checking hotel selection functionality" classname="Scenario: User checking hotel selection functionality" time="0.214"/>
  <testcase name="Given User launches browser" classname="Scenario: User checking hotel availabilty function" time="0.001"/>
  <testcase name="And Use logins into the application" classname="Scenario: User checking hotel availabilty function" time="0"/>
  <testcase name="Given User logins into the application" classname="Scenario: User checking hotel availabilty function" time="0"/>
  <testcase name="When User selects the preferred hotel" classname="Scenario: User checking hotel availabilty function" time="0"/>
  <testcase name="Then User checks for confirmation message for hotel booking" classname="Scenario: User checking hotel availabilty function" time="0"/>
  <testcase name="Scenario: User checking hotel availabilty function" classname="Scenario: User checking hotel availabilty function" time="0.004"/>
  <testcase name="Given User launches browser" classname="Scenario: User checks hotel booking functions" time="0"/>
  <testcase name="And Use logins into the application" classname="Scenario: User checks hotel booking functions" time="0"/>
  <testcase name="Given User logins into the application" classname="Scenario: User checks hotel booking functions" time="0"/>
  <testcase name="When User enters valid First name &quot;Pasupac&quot;" classname="Scenario: User checks hotel booking functions" time="0"/>
  <testcase name="And User enters valid Last name &quot;pc&quot;" classname="Scenario: User checks hotel booking functions" time="0"/>
  <testcase name="And User enters valid billing address &quot;no1 street&quot;" classname="Scenario: User checks hotel booking functions" time="0"/>
  <testcase name="And User enters valid credit card details &quot;1234567891234567&quot; &quot;1&quot; &quot;january&quot; &quot;2022&quot; &quot;222&quot;" classname="Scenario: User checks hotel booking functions" time="0"/>
  <testcase name="And User clicks on Book now button" classname="Scenario: User checks hotel booking functions" time="0"/>
  <testcase name="Then User checks whether page navigated to itenary" classname="Scenario: User checks hotel booking functions" time="0"/>
  <testcase name="Scenario: User checks hotel booking functions" classname="Scenario: User checks hotel booking functions" time="0.017"/>
  <testcase name="Given User launches browser" classname="Scenario: User logins facebook home page" time="0"/>
  <testcase name="And Use logins into the application" classname="Scenario: User logins facebook home page" time="0"/>
  <testcase name="Given User opens facebook website" classname="Scenario: User logins facebook home page" time="0"/>
  <testcase name="When User enters valid username and password" classname="Scenario: User logins facebook home page" time="0.031">
    <error message="no such element: Unable to locate element: {&quot;method&quot;:&quot;xpath&quot;,&quot;selector&quot;:&quot;//*[@id=&quot;u_0_c&quot;]/a&quot;}&#10;  (Session info: chrome=80.0.3987.149)&#10;For documentation on this error, please visit: https://www.seleniumhq.org/exceptions/no_such_element.html&#10;Build info: version: &apos;3.141.59&apos;, revision: &apos;e82be7d358&apos;, time: &apos;2018-11-14T08:17:03&apos;&#10;System info: host: &apos;MAA-5CG7141LPZ&apos;, ip: &apos;192.168.8.101&apos;, os.name: &apos;Windows 10&apos;, os.arch: &apos;amd64&apos;, os.version: &apos;10.0&apos;, java.version: &apos;1.8.0_241&apos;&#10;Driver info: org.openqa.selenium.chrome.ChromeDriver&#10;Capabilities {acceptInsecureCerts: false, browserName: chrome, browserVersion: 80.0.3987.149, chrome: {chromedriverVersion: 79.0.3945.36 (3582db32b3389..., userDataDir: C:\Users\pasupac\AppData\Lo...}, goog:chromeOptions: {debuggerAddress: localhost:59509}, javascriptEnabled: true, networkConnectionEnabled: false, pageLoadStrategy: normal, platform: WINDOWS, platformName: WINDOWS, proxy: Proxy(), setWindowRect: true, strictFileInteractability: false, timeouts: {implicit: 0, pageLoad: 300000, script: 30000}, unhandledPromptBehavior: dismiss and notify}&#10;Session ID: c715912e6b838b6cc3934885390adcea&#10;*** Element info: {Using=xpath, value=//*[@id=&quot;u_0_c&quot;]/a}" type="org.openqa.selenium.NoSuchElementException">org.openqa.selenium.NoSuchElementException: 
no such element: Unable to locate element: {"method":"xpath","selector":"//*[@id="u_0_c"]/a"}
  (Session info: chrome=80.0.3987.149)
For documentation on this error, please visit: https://www.seleniumhq.org/exceptions/no_such_element.html
Build info: version: '3.141.59', revision: 'e82be7d358', time: '2018-11-14T08:17:03'
System info: host: 'MAA-5CG7141LPZ', ip: '192.168.8.101', os.name: 'Windows 10', os.arch: 'amd64', os.version: '10.0', java.version: '1.8.0_241'
Driver info: org.openqa.selenium.chrome.ChromeDriver
Capabilities {acceptInsecureCerts: false, browserName: chrome, browserVersion: 80.0.3987.149, chrome: {chromedriverVersion: 79.0.3945.36 (3582db32b3389..., userDataDir: C:\Users\pasupac\AppData\Lo...}, goog:chromeOptions: {debuggerAddress: localhost:59509}, javascriptEnabled: true, networkConnectionEnabled: false, pageLoadStrategy: normal, platform: WINDOWS, platformName: WINDOWS, proxy: Proxy(), setWindowRect: true, strictFileInteractability: false, timeouts: {implicit: 0, pageLoad: 300000, script: 30000}, unhandledPromptBehavior: dismiss and notify}
Session ID: c715912e6b838b6cc3934885390adcea
*** Element info: {Using=xpath, value=//*[@id="u_0_c"]/a}
</error>
    <system-err><![CDATA[Starting ChromeDriver 79.0.3945.36 (3582db32b33893869b8c1339e8f4d9ed1816f143-refs/branch-heads/3945@{#614}) on port 14195
Only local connections are allowed.
Please protect ports used by ChromeDriver and related test frameworks to prevent access by malicious code.
[1585994349.402][WARNING]: This version of ChromeDriver has not been tested with Chrome version 80.
Apr 04, 2020 3:29:10 PM org.openqa.selenium.remote.ProtocolHandshake createSession
INFO: Detected dialect: W3C
]]></system-err>
  </testcase>
  <testcase name="Scenario: User logins facebook home page" classname="Scenario: User logins facebook home page" time="0.031">
    <error message="no such element: Unable to locate element: {&quot;method&quot;:&quot;xpath&quot;,&quot;selector&quot;:&quot;//*[@id=&quot;u_0_c&quot;]/a&quot;}&#10;  (Session info: chrome=80.0.3987.149)&#10;For documentation on this error, please visit: https://www.seleniumhq.org/exceptions/no_such_element.html&#10;Build info: version: &apos;3.141.59&apos;, revision: &apos;e82be7d358&apos;, time: &apos;2018-11-14T08:17:03&apos;&#10;System info: host: &apos;MAA-5CG7141LPZ&apos;, ip: &apos;192.168.8.101&apos;, os.name: &apos;Windows 10&apos;, os.arch: &apos;amd64&apos;, os.version: &apos;10.0&apos;, java.version: &apos;1.8.0_241&apos;&#10;Driver info: org.openqa.selenium.chrome.ChromeDriver&#10;Capabilities {acceptInsecureCerts: false, browserName: chrome, browserVersion: 80.0.3987.149, chrome: {chromedriverVersion: 79.0.3945.36 (3582db32b3389..., userDataDir: C:\Users\pasupac\AppData\Lo...}, goog:chromeOptions: {debuggerAddress: localhost:59509}, javascriptEnabled: true, networkConnectionEnabled: false, pageLoadStrategy: normal, platform: WINDOWS, platformName: WINDOWS, proxy: Proxy(), setWindowRect: true, strictFileInteractability: false, timeouts: {implicit: 0, pageLoad: 300000, script: 30000}, unhandledPromptBehavior: dismiss and notify}&#10;Session ID: c715912e6b838b6cc3934885390adcea&#10;*** Element info: {Using=xpath, value=//*[@id=&quot;u_0_c&quot;]/a}" type="org.openqa.selenium.NoSuchElementException">org.openqa.selenium.NoSuchElementException: 
no such element: Unable to locate element: {"method":"xpath","selector":"//*[@id="u_0_c"]/a"}
  (Session info: chrome=80.0.3987.149)
For documentation on this error, please visit: https://www.seleniumhq.org/exceptions/no_such_element.html
Build info: version: '3.141.59', revision: 'e82be7d358', time: '2018-11-14T08:17:03'
System info: host: 'MAA-5CG7141LPZ', ip: '192.168.8.101', os.name: 'Windows 10', os.arch: 'amd64', os.version: '10.0', java.version: '1.8.0_241'
Driver info: org.openqa.selenium.chrome.ChromeDriver
Capabilities {acceptInsecureCerts: false, browserName: chrome, browserVersion: 80.0.3987.149, chrome: {chromedriverVersion: 79.0.3945.36 (3582db32b3389..., userDataDir: C:\Users\pasupac\AppData\Lo...}, goog:chromeOptions: {debuggerAddress: localhost:59509}, javascriptEnabled: true, networkConnectionEnabled: false, pageLoadStrategy: normal, platform: WINDOWS, platformName: WINDOWS, proxy: Proxy(), setWindowRect: true, strictFileInteractability: false, timeouts: {implicit: 0, pageLoad: 300000, script: 30000}, unhandledPromptBehavior: dismiss and notify}
Session ID: c715912e6b838b6cc3934885390adcea
*** Element info: {Using=xpath, value=//*[@id="u_0_c"]/a}
</error>
  </testcase>
  <testcase name="Then User checks whether user logged in" classname="Scenario: User logins facebook home page" time="0">
    <skipped/>
  </testcase>
</testsuite>